<?xml version="1.0" encoding="UTF-8"?>
<!-- Generated by org.testng.reporters.JUnitReportReporter -->
<testsuite hostname="krogon" failures="0" tests="1" name="Phase3Tests.EndToEndDM03" time="3.683" errors="0" timestamp="2022-12-23T17:04:57 PST" skipped="0">
  <testcase classname="Phase3Tests.EndToEndDM03" name="test" time="3.683"/>
  <system-out/>
</testsuite> <!-- Phase3Tests.EndToEndDM03 -->
