<?xml version="1.0" encoding="UTF-8"?>
<!-- Generated by org.testng.reporters.JUnitReportReporter -->
<testsuite skipped="0" hostname="krogon" name="Phase3Tests.EndToEndDM03" tests="1" failures="0" timestamp="24 Dec 2022 01:45:05 GMT" time="19.479" errors="0">
  <testcase name="test" time="19.479" classname="Phase3Tests.EndToEndDM03"/>
</testsuite> <!-- Phase3Tests.EndToEndDM03 -->
